app/build/intermediates/manifest_merge_blame_file/release/manifest-merger-blame-release-report.txt
1<?xml version="1.0" encoding="utf-8"?>
2<manifest xmlns:android="http://schemas.android.com/apk/res/android"
3    package="com.kronos.netdata"
4    android:versionCode="6"
5    android:versionName="1.1.4.2" >
6
7    <uses-sdk
8        android:minSdkVersion="21"
8-->src\main\AndroidManifest.xml
9        android:targetSdkVersion="29" />
9-->src\main\AndroidManifest.xml
10
11    <uses-permission android:name="android.permission.CALL_PHONE" />
11-->src\main\AndroidManifest.xml:5:5-69
11-->src\main\AndroidManifest.xml:5:22-66
12    <uses-permission android:name="android.permission.READ_PHONE_STATE" />
12-->src\main\AndroidManifest.xml:6:5-75
12-->src\main\AndroidManifest.xml:6:22-72
13    <uses-permission android:name="android.permission.SEND_SMS" />
13-->src\main\AndroidManifest.xml:7:5-67
13-->src\main\AndroidManifest.xml:7:22-64
14
15    <application
15-->src\main\AndroidManifest.xml:9:5-55:19
16        android:allowBackup="true"
16-->src\main\AndroidManifest.xml:10:9-35
17        android:appComponentFactory="androidx.core.app.CoreComponentFactory"
17-->[androidx.core:core:1.1.0] AndroidManifest.xml:24:18-86
18        android:icon="@drawable/app_icon"
18-->src\main\AndroidManifest.xml:11:9-42
19        android:label="@string/app_name"
19-->src\main\AndroidManifest.xml:12:9-41
20        android:roundIcon="@drawable/app_icon"
20-->src\main\AndroidManifest.xml:13:9-47
21        android:supportsRtl="true"
21-->src\main\AndroidManifest.xml:14:9-35
22        android:theme="@style/AppTheme" >
22-->src\main\AndroidManifest.xml:15:9-40
23        <activity
23-->src\main\AndroidManifest.xml:16:9-17:58
24            android:name="com.kronos.netdata.Activities.DialogWidgetActivity"
24-->src\main\AndroidManifest.xml:16:19-66
25            android:theme="@style/AppTheme.NoActionBar" />
25-->src\main\AndroidManifest.xml:17:13-56
26        <activity
26-->src\main\AndroidManifest.xml:18:9-21:68
27            android:name="com.kronos.netdata.Activities.SettingsActivity"
27-->src\main\AndroidManifest.xml:19:13-56
28            android:label="@string/title_activity_settings"
28-->src\main\AndroidManifest.xml:20:13-60
29            android:theme="@style/AppTheme.NoActionBar" />
29-->src\main\AndroidManifest.xml:21:13-56
30        <activity
30-->src\main\AndroidManifest.xml:22:9-24:59
31            android:name="com.kronos.netdata.Activities.AboutActivity"
31-->src\main\AndroidManifest.xml:23:13-53
32            android:theme="@style/AppTheme.NoActionBar" />
32-->src\main\AndroidManifest.xml:24:13-56
33        <activity
33-->src\main\AndroidManifest.xml:25:9-28:59
34            android:name="com.kronos.netdata.Activities.HistorialActivity"
34-->src\main\AndroidManifest.xml:26:13-57
35            android:label="@string/title_activity_historial"
35-->src\main\AndroidManifest.xml:27:13-61
36            android:theme="@style/AppTheme.NoActionBar" />
36-->src\main\AndroidManifest.xml:28:13-56
37        <activity
37-->src\main\AndroidManifest.xml:29:9-42:20
38            android:name="com.kronos.netdata.Activities.MainActivityDrawer"
38-->src\main\AndroidManifest.xml:30:13-58
39            android:label="@string/title_activity_main_activity_drawer"
39-->src\main\AndroidManifest.xml:31:13-72
40            android:theme="@style/AppTheme.NoActionBar" >
40-->src\main\AndroidManifest.xml:32:13-56
41            <intent-filter>
41-->src\main\AndroidManifest.xml:33:13-37:29
42                <action android:name="android.intent.action.MAIN" />
42-->src\main\AndroidManifest.xml:34:17-69
42-->src\main\AndroidManifest.xml:34:25-66
43
44                <category android:name="android.intent.category.LAUNCHER" />
44-->src\main\AndroidManifest.xml:36:17-77
44-->src\main\AndroidManifest.xml:36:27-74
45            </intent-filter>
46
47            <meta-data
47-->src\main\AndroidManifest.xml:39:13-41:53
48                android:name="android.app.shortcuts"
48-->src\main\AndroidManifest.xml:40:17-53
49                android:resource="@xml/shortcuts" />
49-->src\main\AndroidManifest.xml:41:17-50
50        </activity>
51
52        <service android:name="com.kronos.netdata.Widget.NetDataWidgetService" />
52-->src\main\AndroidManifest.xml:44:9-72
52-->src\main\AndroidManifest.xml:44:18-61
53
54        <receiver android:name="com.kronos.netdata.Widget.NetDataWidgetProvider" >
54-->src\main\AndroidManifest.xml:46:9-54:20
54-->src\main\AndroidManifest.xml:46:19-63
55            <intent-filter>
55-->src\main\AndroidManifest.xml:47:13-49:29
56                <action android:name="android.appwidget.action.APPWIDGET_UPDATE" />
56-->src\main\AndroidManifest.xml:48:17-84
56-->src\main\AndroidManifest.xml:48:25-81
57            </intent-filter>
58
59            <meta-data
59-->src\main\AndroidManifest.xml:51:13-53:62
60                android:name="android.appwidget.provider"
60-->src\main\AndroidManifest.xml:52:17-58
61                android:resource="@xml/widgetproviderinfo" />
61-->src\main\AndroidManifest.xml:53:17-59
62        </receiver>
63    </application>
64
65</manifest>